 begin and end coordinate of starting points (km), and point interval (km)
  -500.000000       0.00000000      -500.000000       0.00000000       100.000000    
 length of the profiles(km) and azimuth range (degree)
   1000.00000       0.00000000       0.00000000       15.0000000    
 the spacing between bins (km),least number of traces
   50.0000000               2   1.00000000    
 the time file name: timefile
../m660q/m660q_Scp.out                                                                                                                                
 the output file name: outfile (no postfix)
2022_binr_out_Qseis_1s                                                                                                                                
 ouput number of time samples in each trace, dt
        1001  0.100000001    
 the indexes of reference ray among 1 -- nw
          20           1   400.000000               2   400.000000               3   400.000000               4   400.000000               5   400.000000               6   400.000000               7   400.000000               8   400.000000               9   400.000000              10   400.000000              11   400.000000              12   400.000000              13   400.000000              14   400.000000              15   400.000000              16   400.000000              17   400.000000              18   400.000000              19   400.000000              20   400.000000    
 the corresponding minimum YBIN
   15.0000000       20.0000000       25.0000000       30.0000000       30.0000000       32.0000000       32.0000000       34.0000000       34.0000000       36.0000000       36.0000000       38.0000000       38.0000000       40.0000000       40.0000000       42.0000000       44.0000000       46.0000000       48.0000000       50.0000000    
 the corresponding DYBIN
   50.0000000       50.0000000       50.0000000       50.0000000       50.0000000       50.0000000       50.0000000       50.0000000       50.0000000       50.0000000       50.0000000       50.0000000       50.0000000       50.0000000       50.0000000       50.0000000       50.0000000       50.0000000       50.0000000       50.0000000    
 the corresponding maximum YBIN
   30.0000000       40.0000000       50.0000000       60.0000000       60.0000000       65.0000000       65.0000000       70.0000000       70.0000000       75.0000000       75.0000000       80.0000000       80.0000000       80.0000000       80.0000000       85.0000000       90.0000000       90.0000000       95.0000000       100.000000    
 the moveout index idist =           0
 normalization index: inorm
           1
 output number and depth indexes in ninw
           5           6          13          16          19          36
 index for stacking: istack =           1
 piercing point data file number npief =           1
 the number of starting points:  nsp =           1
 the alphap is:   1.57079625    
 the number of azimuth: nalp =           1
 the number of stack bin: numbin =          21
 output file name containing RF numbers in the bins:
2022_binr_out_Qseis_1s_num.dat                                                                                                                        
 output file name containing YBIN of the bins:
2022_binr_out_Qseis_1s_yb.dat                                                                                                                         
 output file name containing start and end points:
2022_binr_out_Qseis_1s_profile.txt                                                                                                                    
 output stacked RF data file:
stack_2022_binr_out_Qseis_1s.dat                                                                                                                      
 trace number=           5  YBIN =   15.0000000    
 trace number=           5  YBIN =   20.0000000    
 trace number=           5  YBIN =   25.0000000    
 trace number=           5  YBIN =   30.0000000    
 trace number=           5  YBIN =   30.0000000    
 trace number=           5  YBIN =   32.0000000    
 trace number=           5  YBIN =   32.0000000    
 trace number=           5  YBIN =   34.0000000    
 trace number=           5  YBIN =   34.0000000    
 trace number=           5  YBIN =   36.0000000    
 trace number=           5  YBIN =   36.0000000    
 trace number=           5  YBIN =   38.0000000    
 trace number=           5  YBIN =   38.0000000    
 trace number=           5  YBIN =   40.0000000    
 trace number=           5  YBIN =   40.0000000    
 trace number=           5  YBIN =   42.0000000    
 trace number=           5  YBIN =   44.0000000    
 trace number=           5  YBIN =   46.0000000    
 trace number=           5  YBIN =   48.0000000    
 trace number=           5  YBIN =   50.0000000    
 trace number=          10  YBIN =   65.0000000    
 trace number=          10  YBIN =   70.0000000    
 trace number=          10  YBIN =   75.0000000    
 trace number=          10  YBIN =   80.0000000    
 trace number=          10  YBIN =   80.0000000    
 trace number=          10  YBIN =   82.0000000    
 trace number=          10  YBIN =   82.0000000    
 trace number=          10  YBIN =   84.0000000    
 trace number=          10  YBIN =   84.0000000    
 trace number=          10  YBIN =   86.0000000    
 trace number=          10  YBIN =   86.0000000    
 trace number=          10  YBIN =   88.0000000    
 trace number=          10  YBIN =   88.0000000    
 trace number=          10  YBIN =   90.0000000    
 trace number=          10  YBIN =   90.0000000    
 trace number=          10  YBIN =   92.0000000    
 trace number=          10  YBIN =   94.0000000    
 trace number=          10  YBIN =   96.0000000    
 trace number=          10  YBIN =   98.0000000    
 trace number=          10  YBIN =   100.000000    
 trace number=           5  YBIN =   15.0000000    
 trace number=           5  YBIN =   20.0000000    
 trace number=           5  YBIN =   25.0000000    
 trace number=           5  YBIN =   30.0000000    
 trace number=           5  YBIN =   30.0000000    
 trace number=           5  YBIN =   32.0000000    
 trace number=           5  YBIN =   32.0000000    
 trace number=           5  YBIN =   34.0000000    
 trace number=           5  YBIN =   34.0000000    
 trace number=           5  YBIN =   36.0000000    
 trace number=           5  YBIN =   36.0000000    
 trace number=           5  YBIN =   38.0000000    
 trace number=           5  YBIN =   38.0000000    
 trace number=           5  YBIN =   40.0000000    
 trace number=           5  YBIN =   40.0000000    
 trace number=           5  YBIN =   42.0000000    
 trace number=           5  YBIN =   44.0000000    
 trace number=           5  YBIN =   46.0000000    
 trace number=           5  YBIN =   48.0000000    
 trace number=           5  YBIN =   50.0000000    
 trace number=           5  YBIN =   65.0000000    
 trace number=           5  YBIN =   70.0000000    
 trace number=          10  YBIN =   75.0000000    
 trace number=          10  YBIN =   80.0000000    
 trace number=          10  YBIN =   80.0000000    
 trace number=          10  YBIN =   82.0000000    
 trace number=          10  YBIN =   82.0000000    
 trace number=          10  YBIN =   84.0000000    
 trace number=          10  YBIN =   84.0000000    
 trace number=          10  YBIN =   86.0000000    
 trace number=          10  YBIN =   86.0000000    
 trace number=          10  YBIN =   88.0000000    
 trace number=          10  YBIN =   88.0000000    
 trace number=           5  YBIN =   40.0000000    
 trace number=           5  YBIN =   40.0000000    
 trace number=           5  YBIN =   42.0000000    
 trace number=           5  YBIN =   44.0000000    
 trace number=           5  YBIN =   46.0000000    
 trace number=           5  YBIN =   48.0000000    
 trace number=           5  YBIN =   50.0000000    
 trace number=           5  YBIN =   65.0000000    
 trace number=           5  YBIN =   70.0000000    
 trace number=           5  YBIN =   25.0000000    
 trace number=           5  YBIN =   30.0000000    
 trace number=           5  YBIN =   30.0000000    
 trace number=           5  YBIN =   32.0000000    
 trace number=           5  YBIN =   32.0000000    
 trace number=           5  YBIN =   34.0000000    
 trace number=           5  YBIN =   34.0000000    
 trace number=           5  YBIN =   36.0000000    
 trace number=           5  YBIN =   36.0000000    
 trace number=           5  YBIN =   38.0000000    
 trace number=           5  YBIN =   38.0000000    
 trace number=           5  YBIN =   40.0000000    
 trace number=           5  YBIN =   40.0000000    
 trace number=           5  YBIN =   42.0000000    
 trace number=           5  YBIN =   44.0000000    
 trace number=           5  YBIN =   46.0000000    
 trace number=           5  YBIN =   48.0000000    
 trace number=           5  YBIN =   50.0000000    
 trace number=           5  YBIN =   65.0000000    
 trace number=           5  YBIN =   70.0000000    
 trace number=           5  YBIN =   75.0000000    
 trace number=           5  YBIN =   30.0000000    
 trace number=           5  YBIN =   30.0000000    
 trace number=           5  YBIN =   32.0000000    
 trace number=           5  YBIN =   32.0000000    
 trace number=           5  YBIN =   34.0000000    
 trace number=           5  YBIN =   34.0000000    
 trace number=           5  YBIN =   36.0000000    
 trace number=           5  YBIN =   36.0000000    
 trace number=           5  YBIN =   38.0000000    
 trace number=           5  YBIN =   38.0000000    
 trace number=           5  YBIN =   40.0000000    
 trace number=           5  YBIN =   40.0000000    
 trace number=           5  YBIN =   42.0000000    
 trace number=           5  YBIN =   44.0000000    
 trace number=           5  YBIN =   46.0000000    
 trace number=           5  YBIN =   48.0000000    
 trace number=           5  YBIN =   50.0000000    
 trace number=           5  YBIN =   65.0000000    
 trace number=           5  YBIN =   70.0000000    
 trace number=           5  YBIN =   75.0000000    
 trace number=          10  YBIN =   80.0000000    
 trace number=          10  YBIN =   80.0000000    
 trace number=          10  YBIN =   82.0000000    
 trace number=          10  YBIN =   82.0000000    
 trace number=           5  YBIN =   34.0000000    
 trace number=           5  YBIN =   34.0000000    
 trace number=           5  YBIN =   36.0000000    
 trace number=           5  YBIN =   36.0000000    
 trace number=           5  YBIN =   38.0000000    
 trace number=           5  YBIN =   38.0000000    
 trace number=           5  YBIN =   40.0000000    
 trace number=           5  YBIN =   40.0000000    
 trace number=           5  YBIN =   42.0000000    
 trace number=           5  YBIN =   44.0000000    
 trace number=           5  YBIN =   46.0000000    
 trace number=           5  YBIN =   48.0000000    
 trace number=           5  YBIN =   50.0000000    
 trace number=           5  YBIN =   65.0000000    
 trace number=           5  YBIN =   20.0000000    
 trace number=           5  YBIN =   25.0000000    
 trace number=           5  YBIN =   30.0000000    
 trace number=           5  YBIN =   30.0000000    
 trace number=           5  YBIN =   32.0000000    
 trace number=           5  YBIN =   32.0000000    
 trace number=           5  YBIN =   34.0000000    
 trace number=           5  YBIN =   34.0000000    
 trace number=           5  YBIN =   36.0000000    
 trace number=           5  YBIN =   36.0000000    
 trace number=           5  YBIN =   38.0000000    
 trace number=           5  YBIN =   38.0000000    
 trace number=           5  YBIN =   40.0000000    
 trace number=           5  YBIN =   40.0000000    
 trace number=           5  YBIN =   42.0000000    
 trace number=           5  YBIN =   44.0000000    
 trace number=           5  YBIN =   46.0000000    
 trace number=           5  YBIN =   48.0000000    
 trace number=           5  YBIN =   50.0000000    
 trace number=           5  YBIN =   65.0000000    
 trace number=          10  YBIN =   70.0000000    
 trace number=          10  YBIN =   75.0000000    
 trace number=          10  YBIN =   80.0000000    
 trace number=          10  YBIN =   80.0000000    
 trace number=          10  YBIN =   82.0000000    
 trace number=          10  YBIN =   82.0000000    
 trace number=          10  YBIN =   84.0000000    
 trace number=          10  YBIN =   84.0000000    
 trace number=          10  YBIN =   86.0000000    
 trace number=          10  YBIN =   86.0000000    
 trace number=          10  YBIN =   88.0000000    
 trace number=          10  YBIN =   88.0000000    
 trace number=          10  YBIN =   90.0000000    
 trace number=          10  YBIN =   90.0000000    
 trace number=          10  YBIN =   92.0000000    
 trace number=          10  YBIN =   94.0000000    
 trace number=           5  YBIN =   46.0000000    
 trace number=           5  YBIN =   48.0000000    
 trace number=           5  YBIN =   50.0000000    
 trace number=           5  YBIN =   15.0000000    
 trace number=           5  YBIN =   20.0000000    
 trace number=           5  YBIN =   25.0000000    
 trace number=           5  YBIN =   30.0000000    
 trace number=           5  YBIN =   30.0000000    
 trace number=           5  YBIN =   32.0000000    
 trace number=           5  YBIN =   32.0000000    
 trace number=           5  YBIN =   34.0000000    
 trace number=           5  YBIN =   34.0000000    
 trace number=           5  YBIN =   36.0000000    
 trace number=           5  YBIN =   36.0000000    
 trace number=           5  YBIN =   38.0000000    
 trace number=           5  YBIN =   38.0000000    
 trace number=           5  YBIN =   40.0000000    
 trace number=           5  YBIN =   40.0000000    
 trace number=           5  YBIN =   42.0000000    
 trace number=           5  YBIN =   44.0000000    
 trace number=           5  YBIN =   46.0000000    
 trace number=           5  YBIN =   48.0000000    
 trace number=           5  YBIN =   50.0000000    
 trace number=          10  YBIN =   65.0000000    
 trace number=          10  YBIN =   70.0000000    
 trace number=          10  YBIN =   75.0000000    
 trace number=          10  YBIN =   80.0000000    
 trace number=          10  YBIN =   80.0000000    
 trace number=          10  YBIN =   82.0000000    
 trace number=          10  YBIN =   82.0000000    
 trace number=          10  YBIN =   84.0000000    
 trace number=          10  YBIN =   84.0000000    
 trace number=          10  YBIN =   86.0000000    
 trace number=          10  YBIN =   86.0000000    
 trace number=          10  YBIN =   88.0000000    
 trace number=          10  YBIN =   88.0000000    
 trace number=          10  YBIN =   90.0000000    
 trace number=          10  YBIN =   90.0000000    
 trace number=          10  YBIN =   92.0000000    
 trace number=          10  YBIN =   94.0000000    
 trace number=          10  YBIN =   96.0000000    
 trace number=          10  YBIN =   98.0000000    
 trace number=          10  YBIN =   100.000000    
 trace number=           5  YBIN =   15.0000000    
 trace number=           5  YBIN =   20.0000000    
 trace number=           5  YBIN =   25.0000000    
 trace number=           5  YBIN =   30.0000000    
 trace number=           5  YBIN =   30.0000000    
 trace number=           5  YBIN =   32.0000000    
 trace number=           5  YBIN =   32.0000000    
 trace number=           5  YBIN =   34.0000000    
 trace number=           5  YBIN =   34.0000000    
 trace number=           5  YBIN =   36.0000000    
 trace number=           5  YBIN =   36.0000000    
 trace number=           5  YBIN =   38.0000000    
 trace number=           5  YBIN =   38.0000000    
 trace number=           5  YBIN =   40.0000000    
 trace number=           5  YBIN =   40.0000000    
 trace number=           5  YBIN =   42.0000000    
 trace number=           5  YBIN =   44.0000000    
 trace number=           5  YBIN =   46.0000000    
 trace number=           5  YBIN =   48.0000000    
 trace number=           5  YBIN =   50.0000000    
 trace number=           5  YBIN =   65.0000000    
 trace number=          10  YBIN =   70.0000000    
 trace number=          10  YBIN =   75.0000000    
 trace number=          10  YBIN =   80.0000000    
 trace number=          10  YBIN =   80.0000000    
 trace number=          10  YBIN =   82.0000000    
 trace number=          10  YBIN =   82.0000000    
 trace number=          10  YBIN =   84.0000000    
 trace number=          10  YBIN =   84.0000000    
 trace number=          10  YBIN =   86.0000000    
 trace number=          10  YBIN =   86.0000000    
 trace number=          10  YBIN =   88.0000000    
 trace number=          10  YBIN =   88.0000000    
 trace number=          10  YBIN =   90.0000000    
 trace number=          10  YBIN =   90.0000000    
 trace number=          10  YBIN =   92.0000000    
 trace number=          10  YBIN =   94.0000000    
 trace number=           5  YBIN =   46.0000000    
 trace number=           5  YBIN =   48.0000000    
 trace number=           5  YBIN =   50.0000000    
 trace number=           5  YBIN =   65.0000000    
 trace number=           5  YBIN =   20.0000000    
 trace number=           5  YBIN =   25.0000000    
 trace number=           5  YBIN =   30.0000000    
 trace number=           5  YBIN =   30.0000000    
 trace number=           5  YBIN =   32.0000000    
 trace number=           5  YBIN =   32.0000000    
 trace number=           5  YBIN =   34.0000000    
 trace number=           5  YBIN =   34.0000000    
 trace number=           5  YBIN =   36.0000000    
 trace number=           5  YBIN =   36.0000000    
 trace number=           5  YBIN =   38.0000000    
 trace number=           5  YBIN =   38.0000000    
 trace number=           5  YBIN =   40.0000000    
 trace number=           5  YBIN =   40.0000000    
 trace number=           5  YBIN =   42.0000000    
 trace number=           5  YBIN =   44.0000000    
 trace number=           5  YBIN =   46.0000000    
 trace number=           5  YBIN =   48.0000000    
 trace number=           5  YBIN =   50.0000000    
 trace number=           5  YBIN =   65.0000000    
 trace number=           5  YBIN =   70.0000000    
 trace number=           5  YBIN =   75.0000000    
 trace number=          10  YBIN =   80.0000000    
 trace number=          10  YBIN =   80.0000000    
 trace number=          10  YBIN =   82.0000000    
 trace number=          10  YBIN =   82.0000000    
 trace number=           5  YBIN =   34.0000000    
 trace number=           5  YBIN =   34.0000000    
 trace number=           5  YBIN =   36.0000000    
 trace number=           5  YBIN =   36.0000000    
 trace number=           5  YBIN =   38.0000000    
 trace number=           5  YBIN =   38.0000000    
 trace number=           5  YBIN =   40.0000000    
 trace number=           5  YBIN =   40.0000000    
 trace number=           5  YBIN =   42.0000000    
 trace number=           5  YBIN =   44.0000000    
 trace number=           5  YBIN =   46.0000000    
 trace number=           5  YBIN =   48.0000000    
 trace number=           5  YBIN =   50.0000000    
 trace number=           5  YBIN =   65.0000000    
 trace number=           5  YBIN =   70.0000000    
 trace number=           5  YBIN =   75.0000000    
 trace number=           5  YBIN =   30.0000000    
 trace number=           5  YBIN =   30.0000000    
 trace number=           5  YBIN =   32.0000000    
 trace number=           5  YBIN =   32.0000000    
 trace number=           5  YBIN =   34.0000000    
 trace number=           5  YBIN =   34.0000000    
 trace number=           5  YBIN =   36.0000000    
 trace number=           5  YBIN =   36.0000000    
 trace number=           5  YBIN =   38.0000000    
 trace number=           5  YBIN =   38.0000000    
 trace number=           5  YBIN =   40.0000000    
 trace number=           5  YBIN =   40.0000000    
 trace number=           5  YBIN =   42.0000000    
 trace number=           5  YBIN =   44.0000000    
 trace number=           5  YBIN =   46.0000000    
 trace number=           5  YBIN =   48.0000000    
 trace number=           5  YBIN =   50.0000000    
 trace number=           5  YBIN =   65.0000000    
 trace number=           5  YBIN =   70.0000000    
 trace number=           5  YBIN =   25.0000000    
 trace number=           5  YBIN =   30.0000000    
 trace number=           5  YBIN =   30.0000000    
 trace number=           5  YBIN =   32.0000000    
 trace number=           5  YBIN =   32.0000000    
 trace number=           5  YBIN =   34.0000000    
 trace number=           5  YBIN =   34.0000000    
 trace number=           5  YBIN =   36.0000000    
 trace number=           5  YBIN =   36.0000000    
 trace number=           5  YBIN =   38.0000000    
 trace number=           5  YBIN =   38.0000000    
 trace number=           5  YBIN =   40.0000000    
 trace number=           5  YBIN =   40.0000000    
 trace number=           5  YBIN =   42.0000000    
 trace number=           5  YBIN =   44.0000000    
 trace number=           5  YBIN =   46.0000000    
 trace number=           5  YBIN =   48.0000000    
 trace number=           5  YBIN =   50.0000000    
 trace number=           5  YBIN =   65.0000000    
 trace number=           5  YBIN =   70.0000000    
 trace number=          10  YBIN =   75.0000000    
 trace number=          10  YBIN =   80.0000000    
 trace number=          10  YBIN =   80.0000000    
 trace number=          10  YBIN =   82.0000000    
 trace number=          10  YBIN =   82.0000000    
 trace number=          10  YBIN =   84.0000000    
 trace number=          10  YBIN =   84.0000000    
 trace number=          10  YBIN =   86.0000000    
 trace number=          10  YBIN =   86.0000000    
 trace number=          10  YBIN =   88.0000000    
 trace number=          10  YBIN =   88.0000000    
 trace number=           5  YBIN =   40.0000000    
 trace number=           5  YBIN =   40.0000000    
 trace number=           5  YBIN =   42.0000000    
 trace number=           5  YBIN =   44.0000000    
 trace number=           5  YBIN =   46.0000000    
 trace number=           5  YBIN =   48.0000000    
 trace number=           5  YBIN =   50.0000000    
 trace number=           5  YBIN =   15.0000000    
 trace number=           5  YBIN =   20.0000000    
 trace number=           5  YBIN =   25.0000000    
 trace number=           5  YBIN =   30.0000000    
 trace number=           5  YBIN =   30.0000000    
 trace number=           5  YBIN =   32.0000000    
 trace number=           5  YBIN =   32.0000000    
 trace number=           5  YBIN =   34.0000000    
 trace number=           5  YBIN =   34.0000000    
 trace number=           5  YBIN =   36.0000000    
 trace number=           5  YBIN =   36.0000000    
 trace number=           5  YBIN =   38.0000000    
 trace number=           5  YBIN =   38.0000000    
 trace number=           5  YBIN =   40.0000000    
 trace number=           5  YBIN =   40.0000000    
 trace number=           5  YBIN =   42.0000000    
 trace number=           5  YBIN =   44.0000000    
 trace number=           5  YBIN =   46.0000000    
 trace number=           5  YBIN =   48.0000000    
 trace number=           5  YBIN =   50.0000000    
 trace number=          10  YBIN =   65.0000000    
 trace number=          10  YBIN =   70.0000000    
 trace number=          10  YBIN =   75.0000000    
 trace number=          10  YBIN =   80.0000000    
 trace number=          10  YBIN =   80.0000000    
 trace number=          10  YBIN =   82.0000000    
 trace number=          10  YBIN =   82.0000000    
 trace number=          10  YBIN =   84.0000000    
 trace number=          10  YBIN =   84.0000000    
 trace number=          10  YBIN =   86.0000000    
 trace number=          10  YBIN =   86.0000000    
 trace number=          10  YBIN =   88.0000000    
 trace number=          10  YBIN =   88.0000000    
 trace number=          10  YBIN =   90.0000000    
 trace number=          10  YBIN =   90.0000000    
 trace number=          10  YBIN =   92.0000000    
 trace number=          10  YBIN =   94.0000000    
 trace number=          10  YBIN =   96.0000000    
 trace number=          10  YBIN =   98.0000000    
 trace number=          10  YBIN =   100.000000    
 trace number=           5  YBIN =   15.0000000    
 trace number=           5  YBIN =   20.0000000    
 trace number=           5  YBIN =   25.0000000    
 trace number=           5  YBIN =   30.0000000    
 trace number=           5  YBIN =   30.0000000    
 trace number=           5  YBIN =   32.0000000    
 trace number=           5  YBIN =   32.0000000    
 trace number=           5  YBIN =   34.0000000    
 trace number=           5  YBIN =   34.0000000    
 trace number=           5  YBIN =   36.0000000    
 trace number=           5  YBIN =   36.0000000    
 trace number=           5  YBIN =   38.0000000    
 trace number=           5  YBIN =   38.0000000    
 trace number=           5  YBIN =   40.0000000    
 trace number=           5  YBIN =   40.0000000    
 trace number=           5  YBIN =   42.0000000    
 trace number=           5  YBIN =   44.0000000    
 trace number=           5  YBIN =   46.0000000    
 trace number=           5  YBIN =   48.0000000    
 trace number=           5  YBIN =   50.0000000    
 output data size in *num and *yb.dat:
          21  *           5  *           1  *           1
 output data size in each stacked RF file:        1001  *          21  *           1
