     5   146
        757.006        747.915        738.824        729.733        720.642
          20.00      0.1091956
        0.00000       -0.36765       -0.79276       -2.22779       -3.12079
          20.50      0.1088448
        0.00000       -0.36756       -0.79240       -2.22595       -3.11785
          21.00      0.0964792
        0.00000       -0.36488       -0.78133       -2.16833       -3.02623
          21.50      0.0951032
        0.00000       -0.36461       -0.78021       -2.16269       -3.01730
          22.00      0.0937272
        0.00000       -0.36433       -0.77911       -2.15718       -3.00861
          22.50      0.0923513
        0.00000       -0.36407       -0.77806       -2.15181       -3.00012
          23.00      0.0909933
        0.00000       -0.36380       -0.77701       -2.14662       -2.99196
          23.50      0.0826116
        0.00000       -0.36230       -0.77107       -2.11728       -2.94589
          24.00      0.0824587
        0.00000       -0.36229       -0.77097       -2.11679       -2.94513
          24.50      0.0822789
        0.00000       -0.36224       -0.77084       -2.11621       -2.94421
          25.00      0.0820810
        0.00000       -0.36221       -0.77072       -2.11557       -2.94321
          25.50      0.0818292
        0.00000       -0.36218       -0.77054       -2.11476       -2.94196
          26.00      0.0815774
        0.00000       -0.36214       -0.77039       -2.11395       -2.94069
          26.50      0.0813256
        0.00000       -0.36211       -0.77023       -2.11317       -2.93947
          27.00      0.0810288
        0.00000       -0.36205       -0.77003       -2.11221       -2.93796
          27.50      0.0807141
        0.00000       -0.36200       -0.76982       -2.11122       -2.93642
          28.00      0.0803633
        0.00000       -0.36194       -0.76961       -2.11014       -2.93472
          28.50      0.0799856
        0.00000       -0.36186       -0.76935       -2.10895       -2.93286
          29.00      0.0795989
        0.00000       -0.36182       -0.76910       -2.10776       -2.93102
          29.50      0.0793831
        0.00000       -0.36177       -0.76897       -2.10709       -2.92998
          30.00      0.0793021
        0.00000       -0.36177       -0.76894       -2.10687       -2.92961
          30.50      0.0792212
        0.00000       -0.36176       -0.76888       -2.10661       -2.92920
          31.00      0.0791043
        0.00000       -0.36174       -0.76881       -2.10626       -2.92867
          31.50      0.0789514
        0.00000       -0.36171       -0.76871       -2.10580       -2.92793
          32.00      0.0787625
        0.00000       -0.36168       -0.76859       -2.10521       -2.92703
          32.50      0.0785647
        0.00000       -0.36165       -0.76846       -2.10461       -2.92610
          33.00      0.0783668
        0.00000       -0.36162       -0.76834       -2.10403       -2.92519
          33.50      0.0781420
        0.00000       -0.36157       -0.76819       -2.10335       -2.92412
          34.00      0.0778992
        0.00000       -0.36154       -0.76805       -2.10263       -2.92299
          34.50      0.0776564
        0.00000       -0.36151       -0.76790       -2.10191       -2.92186
          35.00      0.0773956
        0.00000       -0.36147       -0.76773       -2.10114       -2.92065
          35.50      0.0771258
        0.00000       -0.36142       -0.76758       -2.10034       -2.91940
          36.00      0.0768560
        0.00000       -0.36137       -0.76741       -2.09955       -2.91818
          36.50      0.0765952
        0.00000       -0.36133       -0.76724       -2.09879       -2.91699
          37.00      0.0763434
        0.00000       -0.36131       -0.76711       -2.09807       -2.91586
          37.50      0.0760826
        0.00000       -0.36125       -0.76694       -2.09729       -2.91467
          38.00      0.0757948
        0.00000       -0.36122       -0.76678       -2.09650       -2.91339
          38.50      0.0755070
        0.00000       -0.36118       -0.76660       -2.09566       -2.91211
          39.00      0.0752012
        0.00000       -0.36113       -0.76642       -2.09480       -2.91077
          39.50      0.0748955
        0.00000       -0.36107       -0.76622       -2.09390       -2.90939
          40.00      0.0745807
        0.00000       -0.36104       -0.76607       -2.09305       -2.90804
          40.50      0.0742569
        0.00000       -0.36098       -0.76587       -2.09215       -2.90662
          41.00      0.0740051
        0.00000       -0.36096       -0.76573       -2.09145       -2.90555
          41.50      0.0737083
        0.00000       -0.36092       -0.76555       -2.09062       -2.90425
          42.00      0.0733936
        0.00000       -0.36086       -0.76537       -2.08977       -2.90291
          42.50      0.0730788
        0.00000       -0.36081       -0.76518       -2.08890       -2.90155
          43.00      0.0727461
        0.00000       -0.36076       -0.76500       -2.08798       -2.90016
          43.50      0.0724223
        0.00000       -0.36072       -0.76482       -2.08711       -2.89879
          44.00      0.0720806
        0.00000       -0.36066       -0.76462       -2.08620       -2.89737
          44.50      0.0717568
        0.00000       -0.36063       -0.76445       -2.08534       -2.89604
          45.00      0.0714780
        0.00000       -0.36058       -0.76428       -2.08458       -2.89485
          45.50      0.0711633
        0.00000       -0.36053       -0.76411       -2.08376       -2.89355
          46.00      0.0708395
        0.00000       -0.36050       -0.76395       -2.08293       -2.89227
          46.50      0.0705068
        0.00000       -0.36043       -0.76375       -2.08205       -2.89090
          47.00      0.0701650
        0.00000       -0.36040       -0.76357       -2.08116       -2.88953
          47.50      0.0698233
        0.00000       -0.36034       -0.76337       -2.08029       -2.88817
          48.00      0.0694905
        0.00000       -0.36029       -0.76318       -2.07942       -2.88683
          48.50      0.0691938
        0.00000       -0.36024       -0.76305       -2.07867       -2.88567
          49.00      0.0688790
        0.00000       -0.36020       -0.76286       -2.07790       -2.88445
          49.50      0.0685552
        0.00000       -0.36015       -0.76270       -2.07706       -2.88315
          50.00      0.0682135
        0.00000       -0.36012       -0.76253       -2.07622       -2.88185
          50.50      0.0678718
        0.00000       -0.36008       -0.76234       -2.07536       -2.88052
          51.00      0.0675210
        0.00000       -0.36003       -0.76216       -2.07451       -2.87918
          51.50      0.0672242
        0.00000       -0.35997       -0.76199       -2.07378       -2.87807
          52.00      0.0669095
        0.00000       -0.35995       -0.76186       -2.07303       -2.87688
          52.50      0.0665857
        0.00000       -0.35989       -0.76167       -2.07224       -2.87566
          53.00      0.0662440
        0.00000       -0.35985       -0.76151       -2.07143       -2.87439
          53.50      0.0659022
        0.00000       -0.35980       -0.76132       -2.07060       -2.87312
          54.00      0.0655785
        0.00000       -0.35977       -0.76117       -2.06984       -2.87193
          54.50      0.0652547
        0.00000       -0.35973       -0.76102       -2.06909       -2.87076
          55.00      0.0649310
        0.00000       -0.35968       -0.76083       -2.06833       -2.86957
          55.50      0.0646072
        0.00000       -0.35963       -0.76068       -2.06758       -2.86841
          56.00      0.0642745
        0.00000       -0.35960       -0.76053       -2.06679       -2.86720
          56.50      0.0639327
        0.00000       -0.35956       -0.76036       -2.06601       -2.86598
          57.00      0.0635910
        0.00000       -0.35951       -0.76019       -2.06523       -2.86478
          57.50      0.0632672
        0.00000       -0.35947       -0.76004       -2.06450       -2.86365
          58.00      0.0629525
        0.00000       -0.35942       -0.75987       -2.06378       -2.86253
          58.50      0.0626377
        0.00000       -0.35939       -0.75974       -2.06310       -2.86145
          59.00      0.0623050
        0.00000       -0.35936       -0.75958       -2.06235       -2.86031
          59.50      0.0619632
        0.00000       -0.35931       -0.75941       -2.06160       -2.85916
          60.00      0.0616395
        0.00000       -0.35927       -0.75926       -2.06088       -2.85805
          60.50      0.0613157
        0.00000       -0.35924       -0.75911       -2.06018       -2.85696
          61.00      0.0609920
        0.00000       -0.35919       -0.75896       -2.05948       -2.85587
          61.50      0.0606682
        0.00000       -0.35915       -0.75880       -2.05879       -2.85480
          62.00      0.0603444
        0.00000       -0.35910       -0.75865       -2.05809       -2.85371
          62.50      0.0604344
        0.00000       -0.35912       -0.75870       -2.05829       -2.85400
          63.00      0.0596700
        0.00000       -0.35902       -0.75835       -2.05667       -2.85150
          63.50      0.0593462
        0.00000       -0.35899       -0.75821       -2.05598       -2.85045
          64.00      0.0590314
        0.00000       -0.35895       -0.75807       -2.05533       -2.84944
          64.50      0.0587077
        0.00000       -0.35892       -0.75792       -2.05467       -2.84840
          65.00      0.0583749
        0.00000       -0.35887       -0.75777       -2.05399       -2.84735
          65.50      0.0580422
        0.00000       -0.35884       -0.75764       -2.05331       -2.84631
          66.00      0.0577004
        0.00000       -0.35881       -0.75749       -2.05263       -2.84525
          66.50      0.0573857
        0.00000       -0.35876       -0.75735       -2.05199       -2.84425
          67.00      0.0570709
        0.00000       -0.35873       -0.75722       -2.05136       -2.84329
          67.50      0.0567472
        0.00000       -0.35869       -0.75706       -2.05070       -2.84229
          68.00      0.0564144
        0.00000       -0.35864       -0.75693       -2.05006       -2.84128
          68.50      0.0560817
        0.00000       -0.35861       -0.75681       -2.04942       -2.84029
          69.00      0.0557579
        0.00000       -0.35858       -0.75665       -2.04878       -2.83931
          69.50      0.0554341
        0.00000       -0.35855       -0.75653       -2.04817       -2.83835
          70.00      0.0551104
        0.00000       -0.35852       -0.75639       -2.04755       -2.83739
          70.50      0.0547776
        0.00000       -0.35847       -0.75626       -2.04692       -2.83641
          71.00      0.0544449
        0.00000       -0.35843       -0.75612       -2.04628       -2.83543
          71.50      0.0541032
        0.00000       -0.35840       -0.75598       -2.04564       -2.83444
          72.00      0.0537884
        0.00000       -0.35838       -0.75586       -2.04509       -2.83356
          72.50      0.0534646
        0.00000       -0.35834       -0.75572       -2.04446       -2.83261
          73.00      0.0531319
        0.00000       -0.35831       -0.75560       -2.04385       -2.83168
          73.50      0.0527991
        0.00000       -0.35826       -0.75546       -2.04324       -2.83073
          74.00      0.0524664
        0.00000       -0.35823       -0.75534       -2.04265       -2.82982
          74.50      0.0521336
        0.00000       -0.35820       -0.75520       -2.04205       -2.82889
          75.00      0.0518099
        0.00000       -0.35817       -0.75508       -2.04147       -2.82800
          75.50      0.0514771
        0.00000       -0.35812       -0.75494       -2.04089       -2.82710
          76.00      0.0511444
        0.00000       -0.35809       -0.75482       -2.04030       -2.82619
          76.50      0.0508026
        0.00000       -0.35806       -0.75468       -2.03972       -2.82529
          77.00      0.0504699
        0.00000       -0.35802       -0.75456       -2.03914       -2.82439
          77.50      0.0501461
        0.00000       -0.35800       -0.75446       -2.03857       -2.82353
          78.00      0.0498044
        0.00000       -0.35797       -0.75433       -2.03801       -2.82265
          78.50      0.0494716
        0.00000       -0.35793       -0.75420       -2.03745       -2.82178
          79.00      0.0491299
        0.00000       -0.35789       -0.75407       -2.03688       -2.82089
          79.50      0.0487972
        0.00000       -0.35788       -0.75397       -2.03633       -2.82005
          80.00      0.0484554
        0.00000       -0.35783       -0.75383       -2.03575       -2.81917
          80.50      0.0481137
        0.00000       -0.35779       -0.75371       -2.03520       -2.81831
          81.00      0.0477719
        0.00000       -0.35777       -0.75360       -2.03465       -2.81746
          81.50      0.0474302
        0.00000       -0.35773       -0.75346       -2.03410       -2.81660
          82.00      0.0470884
        0.00000       -0.35771       -0.75336       -2.03357       -2.81577
          82.50      0.0467377
        0.00000       -0.35767       -0.75323       -2.03299       -2.81491
          83.00      0.0463960
        0.00000       -0.35764       -0.75311       -2.03246       -2.81407
          83.50      0.0460542
        0.00000       -0.35762       -0.75301       -2.03194       -2.81328
          84.00      0.0457035
        0.00000       -0.35757       -0.75288       -2.03139       -2.81242
          84.50      0.0453528
        0.00000       -0.35754       -0.75276       -2.03085       -2.81160
          85.00      0.0449930
        0.00000       -0.35751       -0.75264       -2.03030       -2.81076
          85.50      0.0446513
        0.00000       -0.35748       -0.75253       -2.02980       -2.80997
          86.00      0.0443006
        0.00000       -0.35745       -0.75243       -2.02928       -2.80916
          86.50      0.0439318
        0.00000       -0.35742       -0.75230       -2.02873       -2.80833
          87.00      0.0435721
        0.00000       -0.35739       -0.75218       -2.02821       -2.80753
          87.50      0.0432214
        0.00000       -0.35736       -0.75208       -2.02771       -2.80675
          88.00      0.0428706
        0.00000       -0.35733       -0.75197       -2.02721       -2.80597
          88.50      0.0425109
        0.00000       -0.35730       -0.75185       -2.02669       -2.80516
          89.00      0.0421422
        0.00000       -0.35728       -0.75175       -2.02617       -2.80438
          89.50      0.0417735
        0.00000       -0.35724       -0.75163       -2.02565       -2.80359
          90.00      0.0416296
        0.00000       -0.35724       -0.75159       -2.02547       -2.80328
          90.50      0.0416026
        0.00000       -0.35724       -0.75159       -2.02542       -2.80322
          91.00      0.0415666
        0.00000       -0.35722       -0.75157       -2.02538       -2.80315
          91.50      0.0415217
        0.00000       -0.35722       -0.75156       -2.02531       -2.80305
          92.00      0.0414497
        0.00000       -0.35721       -0.75153       -2.02521       -2.80289
         180.00      0.0000000
        0.00000       -0.35556       -0.74538       -1.99742       -2.76019
