    15   146
          0.000         20.000         35.000         40.000         45.000
         50.000         60.000         70.000         80.000         90.000
        100.000        110.000        120.000        130.000        140.000
          20.00      0.1091956
        0.00000        2.86872        4.89238        5.57090        6.24900
        6.92671        8.28129        9.63423       10.98550       12.33515
       13.68321       15.02963       16.37439       17.71755       19.06860
          20.50      0.1088448
        0.00000        2.86576        4.88649        5.56279        6.23868
        6.91417        8.26432        9.61282       10.95965       12.30487
       13.64848       14.99046       16.33078       17.66949       19.01600
          21.00      0.0964792
        0.00000        2.77310        4.70460        5.32132        5.93761
        6.55351        7.78446        9.01373       10.24132       11.46727
       12.69158       13.91424       15.13521       16.35456       17.57961
          21.50      0.0951032
        0.00000        2.76406        4.68708        5.29876        5.91000
        6.52085        7.74170        8.96089       10.17838       11.39423
       12.60845       13.82101       15.03189       16.24115       17.45597
          22.00      0.0937272
        0.00000        2.75525        4.67005        5.27690        5.88333
        6.48936        7.70057        8.91012       10.11796       11.32418
       12.52876       13.73169       14.93293       16.13255       17.33761
          22.50      0.0923513
        0.00000        2.74667        4.65348        5.25572        5.85754
        6.45896        7.66095        8.86128       10.05991       11.25692
       12.45228       13.64600       14.83803       16.02844       17.22417
          23.00      0.0909933
        0.00000        2.73841        4.63757        5.23545        5.83292
        6.42998        7.62327        8.81489       10.00482       11.19311
       12.37978       13.56479       14.74812       15.92983       17.11674
          23.50      0.0826116
        0.00000        2.69180        4.54826        5.12287        5.69705
        6.27085        7.41759        8.56268        9.70608       10.84786
       11.98802       13.12654       14.26338       15.39861       16.53851
          24.00      0.0824587
        0.00000        2.69102        4.54676        5.12100        5.69481
        6.26823        7.41422        8.55856        9.70122       10.84225
       11.98166       13.11943       14.25552       15.39001       16.52915
          24.50      0.0822789
        0.00000        2.69010        4.54501        5.11880        5.69218
        6.26516        7.41027        8.55373        9.69552       10.83567
       11.97421       13.11110       14.24632       15.37993       16.51819
          25.00      0.0820810
        0.00000        2.68909        4.54308        5.11640        5.68929
        6.26179        7.40595        8.54845        9.68927       10.82847
       11.96605       13.10198       14.23624       15.36889       16.50618
          25.50      0.0818292
        0.00000        2.68781        4.54065        5.11336        5.68564
        6.25754        7.40048        8.54177        9.68138       10.81936
       11.95573       13.09045       14.22350       15.35494       16.49100
          26.00      0.0815774
        0.00000        2.68654        4.53823        5.11033        5.68202
        6.25331        7.39504        8.53513        9.67353       10.81031
       11.94547       13.07899       14.21084       15.34107       16.47592
          26.50      0.0813256
        0.00000        2.68528        4.53581        5.10732        5.67841
        6.24910        7.38964        8.52853        9.66573       10.80132
       11.93528       13.06760       14.19826       15.32730       16.46094
          27.00      0.0810288
        0.00000        2.68379        4.53299        5.10379        5.67418
        6.24417        7.38331        8.52080        9.65660       10.79079
       11.92335       13.05428       14.18353       15.31117       16.44340
          27.50      0.0807141
        0.00000        2.68222        4.53000        5.10007        5.66972
        6.23897        7.37664        8.51266        9.64699       10.77971
       11.91080       13.04025       14.16804       15.29421       16.42495
          28.00      0.0803633
        0.00000        2.68049        4.52670        5.09596        5.66480
        6.23324        7.36928        8.50367        9.63638       10.76747
       11.89694       13.02477       14.15093       15.27548       16.40458
          28.50      0.0799856
        0.00000        2.67863        4.52317        5.09156        5.65953
        6.22710        7.36141        8.49407        9.62504       10.75440
       11.88214       13.00824       14.13267       15.25549       16.38285
          29.00      0.0795989
        0.00000        2.67675        4.51959        5.08710        5.65419
        6.22089        7.35344        8.48434        9.61356       10.74116
       11.86714       12.99149       14.11417       15.23523       16.36081
          29.50      0.0793831
        0.00000        2.67570        4.51760        5.08462        5.65123
        6.21744        7.34901        8.47894        9.60719       10.73382
       11.85883       12.98220       14.10391       15.22401       16.34861
          30.00      0.0793021
        0.00000        2.67531        4.51686        5.08370        5.65012
        6.21615        7.34736        8.47693        9.60481       10.73108
       11.85573       12.97874       14.10008       15.21982       16.34405
          30.50      0.0792212
        0.00000        2.67492        4.51612        5.08278        5.64902
        6.21486        7.34571        8.47491        9.60244       10.72834
       11.85263       12.97528       14.09626       15.21563       16.33950
          31.00      0.0791043
        0.00000        2.67436        4.51505        5.08145        5.64742
        6.21301        7.34334        8.47202        9.59902       10.72441
       11.84817       12.97030       14.09076       15.20961       16.33295
          31.50      0.0789514
        0.00000        2.67362        4.51365        5.07971        5.64535
        6.21059        7.34024        8.46824        9.59456       10.71926
       11.84235       12.96380       14.08358       15.20175       16.32441
          32.00      0.0787625
        0.00000        2.67272        4.51193        5.07757        5.64279
        6.20761        7.33643        8.46359        9.58908       10.71294
       11.83519       12.95581       14.07475       15.19209       16.31391
          32.50      0.0785647
        0.00000        2.67177        4.51014        5.07534        5.64013
        6.20452        7.33245        8.45874        9.58336       10.70636
       11.82773       12.94748       14.06555       15.18202       16.30296
          33.00      0.0783668
        0.00000        2.67083        4.50835        5.07312        5.63747
        6.20143        7.32850        8.45392        9.57767       10.69980
       11.82031       12.93919       14.05640       15.17200       16.29207
          33.50      0.0781420
        0.00000        2.66977        4.50633        5.07061        5.63447
        6.19794        7.32403        8.44847        9.57125       10.69239
       11.81193       12.92982       14.04606       15.16068       16.27976
          34.00      0.0778992
        0.00000        2.66862        4.50415        5.06791        5.63124
        6.19418        7.31922        8.44262        9.56433       10.68443
       11.80292       12.91977       14.03495       15.14852       16.26654
          34.50      0.0776564
        0.00000        2.66748        4.50199        5.06522        5.62803
        6.19045        7.31444        8.43679        9.55747       10.67653
       11.79396       12.90977       14.02391       15.13644       16.25340
          35.00      0.0773956
        0.00000        2.66627        4.49968        5.06235        5.62461
        6.18646        7.30935        8.43058        9.55014       10.66808
       11.78441       12.89910       14.01213       15.12355       16.23939
          35.50      0.0771258
        0.00000        2.66501        4.49729        5.05939        5.62108
        6.18236        7.30410        8.42419        9.54261       10.65941
       11.77459       12.88814       14.00002       15.11030       16.22499
          36.00      0.0768560
        0.00000        2.66376        4.49493        5.05647        5.61758
        6.17830        7.29889        8.41785        9.53513       10.65079
       11.76484       12.87725       13.98800       15.09715       16.21068
          36.50      0.0765952
        0.00000        2.66256        4.49265        5.05364        5.61421
        6.17438        7.29389        8.41175        9.52794       10.64251
       11.75547       12.86679       13.97645       15.08451       16.19695
          37.00      0.0763434
        0.00000        2.66141        4.49047        5.05093        5.61098
        6.17063        7.28909        8.40590        9.52105       10.63457
       11.74649       12.85677       13.96538       15.07239       16.18378
          37.50      0.0760826
        0.00000        2.66022        4.48822        5.04814        5.60765
        6.16676        7.28414        8.39988        9.51395       10.62640
       11.73724       12.84644       13.95399       15.05992       16.17022
          38.00      0.0757948
        0.00000        2.65892        4.48574        5.04508        5.60399
        6.16252        7.27872        8.39328        9.50617       10.61744
       11.72710       12.83513       13.94150       15.04626       16.15537
          38.50      0.0755070
        0.00000        2.65762        4.48328        5.04203        5.60036
        6.15830        7.27333        8.38672        9.49844       10.60855
       11.71704       12.82390       13.92909       15.03269       16.14062
          39.00      0.0752012
        0.00000        2.65625        4.48069        5.03882        5.59653
        6.15385        7.26765        8.37981        9.49030       10.59917
       11.70643       12.81205       13.91602       15.01838       16.12507
          39.50      0.0748955
        0.00000        2.65488        4.47811        5.03563        5.59273
        6.14943        7.26201        8.37294        9.48221       10.58986
       11.69589       12.80030       13.90304       15.00418       16.10964
          40.00      0.0745807
        0.00000        2.65349        4.47546        5.03236        5.58883
        6.14491        7.25624        8.36593        9.47394       10.58034
       11.68513       12.78829       13.88979       14.98968       16.09388
          40.50      0.0742569
        0.00000        2.65206        4.47277        5.02902        5.58486
        6.14030        7.25035        8.35877        9.46551       10.57063
       11.67415       12.77603       13.87626       14.97488       16.07779
          41.00      0.0740051
        0.00000        2.65096        4.47068        5.02644        5.58179
        6.13674        7.24581        8.35323        9.45899       10.56313
       11.66566       12.76657       13.86581       14.96345       16.06538
          41.50      0.0737083
        0.00000        2.64966        4.46823        5.02342        5.57819
        6.13256        7.24048        8.34676        9.45136       10.55435
       11.65574       12.75549       13.85358       14.95008       16.05084
          42.00      0.0733936
        0.00000        2.64830        4.46566        5.02024        5.57440
        6.12817        7.23487        8.33994        9.44333       10.54512
       11.64529       12.74383       13.84072       14.93600       16.03554
          42.50      0.0730788
        0.00000        2.64694        4.46309        5.01707        5.57063
        6.12380        7.22930        8.33316        9.43536       10.53594
       11.63491       12.73226       13.82794       14.92203       16.02036
          43.00      0.0727461
        0.00000        2.64552        4.46040        5.01375        5.56668
        6.11922        7.22346        8.32607        9.42700       10.52633
       11.62404       12.72013       13.81456       14.90738       16.00445
          43.50      0.0724223
        0.00000        2.64415        4.45780        5.01054        5.56286
        6.11479        7.21782        8.31921        9.41893       10.51704
       11.61354       12.70841       13.80163       14.89324       15.98908
          44.00      0.0720806
        0.00000        2.64270        4.45507        5.00718        5.55887
        6.11016        7.21192        8.31203        9.41048       10.50732
       11.60255       12.69616       13.78810       14.87845       15.97301
          44.50      0.0717568
        0.00000        2.64134        4.45251        5.00401        5.55510
        6.10580        7.20636        8.30528        9.40254       10.49819
       11.59222       12.68463       13.77539       14.86454       15.95790
          45.00      0.0714780
        0.00000        2.64018        4.45030        5.00130        5.55188
        6.10207        7.20161        8.29951        9.39575       10.49037
       11.58339       12.67478       13.76452       14.85266       15.94499
          45.50      0.0711633
        0.00000        2.63887        4.44784        4.99826        5.54827
        6.09789        7.19628        8.29304        9.38814       10.48162
       11.57350       12.66375       13.75234       14.83934       15.93052
          46.00      0.0708395
        0.00000        2.63753        4.44532        4.99516        5.54458
        6.09361        7.19084        8.28643        9.38036       10.47268
       11.56339       12.65248       13.73991       14.82574       15.91574
          46.50      0.0705068
        0.00000        2.63617        4.44275        4.99199        5.54082
        6.08926        7.18530        8.27970        9.37244       10.46357
       11.55310       12.64100       13.72724       14.81189       15.90070
          47.00      0.0701650
        0.00000        2.63478        4.44012        4.98876        5.53698
        6.08481        7.17964        8.27284        9.36437       10.45429
       11.54260       12.62930       13.71434       14.79778       15.88536
          47.50      0.0698233
        0.00000        2.63340        4.43751        4.98555        5.53318
        6.08041        7.17404        8.26603        9.35637       10.44509
       11.53220       12.61770       13.70154       14.78378       15.87016
          48.00      0.0694905
        0.00000        2.63206        4.43500        4.98246        5.52950
        6.07615        7.16862        8.25946        9.34863       10.43620
       11.52216       12.60650       13.68918       14.77027       15.85548
          48.50      0.0691938
        0.00000        2.63088        4.43276        4.97971        5.52624
        6.07238        7.16382        8.25364        9.34179       10.42833
       11.51327       12.59658       13.67824       14.75831       15.84249
          49.00      0.0688790
        0.00000        2.62963        4.43040        4.97681        5.52280
        6.06840        7.15877        8.24750        9.33458       10.42004
       11.50390       12.58614       13.66673       14.74572       15.82882
          49.50      0.0685552
        0.00000        2.62835        4.42800        4.97386        5.51930
        6.06435        7.15361        8.24125        9.32722       10.41158
       11.49435       12.57549       13.65498       14.73288       15.81486
          50.00      0.0682135
        0.00000        2.62701        4.42547        4.97076        5.51562
        6.06009        7.14821        8.23469        9.31952       10.40273
       11.48434       12.56434       13.64268       14.71943       15.80025
          50.50      0.0678718
        0.00000        2.62568        4.42297        4.96768        5.51197
        6.05587        7.14285        8.22819        9.31187       10.39395
       11.47442       12.55327       13.63048       14.70609       15.78576
          51.00      0.0675210
        0.00000        2.62432        4.42042        4.96455        5.50826
        6.05158        7.13739        8.22157        9.30410       10.38501
       11.46432       12.54202       13.61807       14.69252       15.77103
          51.50      0.0672242
        0.00000        2.62318        4.41827        4.96191        5.50514
        6.04797        7.13281        8.21602        9.29757       10.37751
       11.45585       12.53257       13.60765       14.68113       15.75865
          52.00      0.0669095
        0.00000        2.62198        4.41601        4.95914        5.50185
        6.04417        7.12798        8.21016        9.29069       10.36961
       11.44692       12.52262       13.59667       14.66913       15.74563
          52.50      0.0665857
        0.00000        2.62075        4.41370        4.95630        5.49849
        6.04029        7.12305        8.20419        9.28367       10.36154
       11.43781       12.51247       13.58548       14.65689       15.73233
          53.00      0.0662440
        0.00000        2.61946        4.41127        4.95333        5.49497
        6.03622        7.11789        8.19793        9.27631       10.35309
       11.42827       12.50184       13.57375       14.64407       15.71842
          53.50      0.0659022
        0.00000        2.61819        4.40887        4.95038        5.49148
        6.03219        7.11277        8.19173        9.26903       10.34472
       11.41882       12.49129       13.56213       14.63137       15.70462
          54.00      0.0655785
        0.00000        2.61698        4.40660        4.94761        5.48820
        6.02839        7.10796        8.18590        9.26218       10.33685
       11.40993       12.48139       13.55121       14.61943       15.69166
          54.50      0.0652547
        0.00000        2.61578        4.40435        4.94485        5.48493
        6.02462        7.10318        8.18010        9.25537       10.32904
       11.40111       12.47156       13.54037       14.60758       15.67879
          55.00      0.0649310
        0.00000        2.61459        4.40212        4.94211        5.48169
        6.02089        7.09843        8.17436        9.24862       10.32129
       11.39235       12.46181       13.52961       14.59583       15.66603
          55.50      0.0646072
        0.00000        2.61341        4.39990        4.93940        5.47848
        6.01717        7.09373        8.16866        9.24193       10.31360
       11.38368       12.45214       13.51895       14.58418       15.65338
          56.00      0.0642745
        0.00000        2.61221        4.39764        4.93663        5.47520
        6.01339        7.08893        8.16285        9.23511       10.30577
       11.37483       12.44228       13.50808       14.57229       15.64047
          56.50      0.0639327
        0.00000        2.61098        4.39533        4.93380        5.47186
        6.00953        7.08404        8.15692        9.22815       10.29778
       11.36581       12.43223       13.49700       14.56018       15.62732
          57.00      0.0635910
        0.00000        2.60976        4.39303        4.93099        5.46854
        6.00570        7.07918        8.15104        9.22125       10.28985
       11.35686       12.42226       13.48601       14.54817       15.61429
          57.50      0.0632672
        0.00000        2.60861        4.39087        4.92835        5.46542
        6.00210        7.07462        8.14552        9.21477       10.28241
       11.34846       12.41290       13.47569       14.53689       15.60204
          58.00      0.0629525
        0.00000        2.60750        4.38879        4.92580        5.46241
        5.99862        7.07022        8.14019        9.20851       10.27523
       11.34035       12.40386       13.46573       14.52601       15.59022
          58.50      0.0626377
        0.00000        2.60640        4.38672        4.92328        5.45942
        5.99517        7.06585        8.13490        9.20230       10.26810
       11.33231       12.39490       13.45585       14.51522       15.57850
          59.00      0.0623050
        0.00000        2.60524        4.38455        4.92062        5.45628
        5.99155        7.06126        8.12935        9.19579       10.26063
       11.32387       12.38550       13.44549       14.50389       15.56621
          59.50      0.0619632
        0.00000        2.60405        4.38233        4.91791        5.45308
        5.98786        7.05659        8.12370        9.18915       10.25301
       11.31527       12.37593       13.43494       14.49236       15.55369
          60.00      0.0616395
        0.00000        2.60295        4.38025        4.91537        5.45007
        5.98439        7.05220        8.11839        9.18292       10.24586
       11.30720       12.36693       13.42502       14.48152       15.54193
          60.50      0.0613157
        0.00000        2.60184        4.37817        4.91284        5.44708
        5.98095        7.04784        8.11311        9.17673       10.23875
       11.29918       12.35800       13.41518       14.47077       15.53025
          61.00      0.0609920
        0.00000        2.60074        4.37611        4.91033        5.44412
        5.97753        7.04351        8.10788        9.17059       10.23171
       11.29123       12.34915       13.40542       14.46010       15.51867
          61.50      0.0606682
        0.00000        2.59965        4.37407        4.90783        5.44118
        5.97413        7.03922        8.10268        9.16450       10.22472
       11.28334       12.34036       13.39574       14.44952       15.50719
          62.00      0.0603444
        0.00000        2.59857        4.37205        4.90536        5.43826
        5.97077        7.03496        8.09753        9.15846       10.21778
       11.27552       12.33164       13.38613       14.43903       15.49580
          62.50      0.0604344
        0.00000        2.59887        4.37261        4.90604        5.43907
        5.97170        7.03614        8.09896        9.16013       10.21971
       11.27769       12.33406       13.38879       14.44194       15.49896
          63.00      0.0596700
        0.00000        2.59634        4.36786        4.90026        5.43224
        5.96383        7.02619        8.08693        9.14602       10.20351
       11.25941       12.31371       13.36637       14.41744       15.47236
          63.50      0.0593462
        0.00000        2.59528        4.36588        4.89784        5.42939
        5.96054        7.02203        8.08190        9.14012       10.19674
       11.25178       12.30521       13.35699       14.40720       15.46125
          64.00      0.0590314
        0.00000        2.59425        4.36396        4.89550        5.42663
        5.95736        7.01801        8.07704        9.13442       10.19021
       11.24441       12.29700       13.34795       14.39732       15.45053
          64.50      0.0587077
        0.00000        2.59321        4.36201        4.89312        5.42382
        5.95413        7.01392        8.07209        9.12862       10.18355
       11.23690       12.28863       13.33873       14.38725       15.43959
          65.00      0.0583749
        0.00000        2.59214        4.36001        4.89069        5.42095
        5.95082        7.00974        8.06705        9.12270       10.17676
       11.22923       12.28010       13.32933       14.37697       15.42844
          65.50      0.0580422
        0.00000        2.59108        4.35803        4.88827        5.41810
        5.94754        7.00559        8.06203        9.11682       10.17002
       11.22163       12.27164       13.32000       14.36679       15.41739
          66.00      0.0577004
        0.00000        2.59000        4.35600        4.88580        5.41519
        5.94419        7.00137        8.05693        9.11084       10.16316
       11.21389       12.26301       13.31050       14.35641       15.40612
          66.50      0.0573857
        0.00000        2.58901        4.35415        4.88355        5.41253
        5.94113        6.99751        8.05226        9.10537       10.15689
       11.20681       12.25513       13.30182       14.34693       15.39583
          67.00      0.0570709
        0.00000        2.58803        4.35232        4.88132        5.40990
        5.93810        6.99367        8.04763        9.09995       10.15067
       11.19980       12.24732       13.29321       14.33753       15.38563
          67.50      0.0567472
        0.00000        2.58703        4.35044        4.87904        5.40722
        5.93501        6.98977        8.04291        9.09441       10.14432
       11.19264       12.23935       13.28443       14.32793       15.37522
          68.00      0.0564144
        0.00000        2.58600        4.34853        4.87671        5.40447
        5.93185        6.98578        8.03809        9.08876       10.13784
       11.18534       12.23122       13.27548       14.31815       15.36460
          68.50      0.0560817
        0.00000        2.58499        4.34663        4.87440        5.40175
        5.92871        6.98182        8.03332        9.08316       10.13142
       11.17809       12.22316       13.26660       14.30845       15.35408
          69.00      0.0557579
        0.00000        2.58401        4.34479        4.87216        5.39912
        5.92569        6.97800        8.02870        9.07776       10.12523
       11.17110       12.21538       13.25803       14.29909       15.34392
          69.50      0.0554341
        0.00000        2.58303        4.34297        4.86995        5.39651
        5.92269        6.97421        8.02413        9.07240       10.11908
       11.16418       12.20767       13.24953       14.28981       15.33385
          70.00      0.0551104
        0.00000        2.58207        4.34117        4.86775        5.39392
        5.91971        6.97046        8.01959        9.06708       10.11299
       11.15730       12.20002       13.24110       14.28060       15.32386
          70.50      0.0547776
        0.00000        2.58108        4.33932        4.86551        5.39128
        5.91667        6.96663        8.01497        9.06166       10.10677
       11.15030       12.19222       13.23251       14.27122       15.31367
          71.00      0.0544449
        0.00000        2.58010        4.33749        4.86329        5.38867
        5.91366        6.96283        8.01038        9.05629       10.10062
       11.14335       12.18449       13.22399       14.26192       15.30358
          71.50      0.0541032
        0.00000        2.57910        4.33563        4.86102        5.38600
        5.91059        6.95895        8.00571        9.05082       10.09434
       11.13627       12.17661       13.21531       14.25244       15.29330
          72.00      0.0537884
        0.00000        2.57819        4.33392        4.85894        5.38356
        5.90779        6.95542        8.00143        9.04581       10.08860
       11.12981       12.16941       13.20739       14.24378       15.28391
          72.50      0.0534646
        0.00000        2.57725        4.33218        4.85683        5.38107
        5.90492        6.95180        7.99708        9.04071       10.08275
       11.12321       12.16207       13.19930       14.23495       15.27432
          73.00      0.0531319
        0.00000        2.57630        4.33040        4.85467        5.37852
        5.90200        6.94812        7.99263        9.03550       10.07679
       11.11649       12.15459       13.19106       14.22596       15.26456
          73.50      0.0527991
        0.00000        2.57536        4.32864        4.85253        5.37601
        5.89911        6.94447        7.98823        9.03035       10.07088
       11.10983       12.14717       13.18289       14.21703       15.25489
          74.00      0.0524664
        0.00000        2.57442        4.32689        4.85040        5.37351
        5.89623        6.94085        7.98386        9.02523       10.06502
       11.10322       12.13982       13.17479       14.20819       15.24529
          74.50      0.0521336
        0.00000        2.57349        4.32515        4.84830        5.37103
        5.89338        6.93726        7.97953        9.02016       10.05920
       11.09666       12.13252       13.16676       14.19942       15.23577
          75.00      0.0518099
        0.00000        2.57259        4.32347        4.84626        5.36864
        5.89063        6.93379        7.97535        9.01526       10.05359
       11.09034       12.12549       13.15901       14.19096       15.22659
          75.50      0.0514771
        0.00000        2.57167        4.32176        4.84419        5.36620
        5.88783        6.93026        7.97109        9.01028       10.04788
       11.08390       12.11832       13.15112       14.18233       15.21724
          76.00      0.0511444
        0.00000        2.57076        4.32006        4.84213        5.36378
        5.88505        6.92676        7.96686        9.00533       10.04221
       11.07751       12.11121       13.14329       14.17379       15.20797
          76.50      0.0508026
        0.00000        2.56984        4.31834        4.84003        5.36132
        5.88222        6.92319        7.96256        9.00029       10.03644
       11.07100       12.10397       13.13531       14.16508       15.19852
          77.00      0.0504699
        0.00000        2.56894        4.31666        4.83801        5.35893
        5.87948        6.91975        7.95841        8.99543       10.03087
       11.06473       12.09699       13.12762       14.15669       15.18942
          77.50      0.0501461
        0.00000        2.56808        4.31506        4.83605        5.35664
        5.87684        6.91643        7.95440        8.99074       10.02550
       11.05867       12.09025       13.12020       14.14858       15.18063
          78.00      0.0498044
        0.00000        2.56717        4.31336        4.83400        5.35423
        5.87408        6.91294        7.95021        8.98583       10.01987
       11.05233       12.08320       13.11244       14.14011       15.17143
          78.50      0.0494716
        0.00000        2.56630        4.31174        4.83203        5.35192
        5.87141        6.90959        7.94616        8.98110       10.01445
       11.04622       12.07640       13.10495       14.13193       15.16255
          79.00      0.0491299
        0.00000        2.56540        4.31007        4.83002        5.34955
        5.86869        6.90617        7.94204        8.97627       10.00892
       11.03999       12.06947       13.09732       14.12360       15.15352
          79.50      0.0487972
        0.00000        2.56454        4.30847        4.82807        5.34727
        5.86607        6.90287        7.93806        8.97162       10.00359
       11.03399       12.06279       13.08996       14.11557       15.14481
          80.00      0.0484554
        0.00000        2.56367        4.30683        4.82609        5.34494
        5.86341        6.89951        7.93401        8.96688        9.99816
       11.02787       12.05598       13.08247       14.10738       15.13593
          80.50      0.0481137
        0.00000        2.56280        4.30521        4.82413        5.34263
        5.86076        6.89618        7.93000        8.96218        9.99278
       11.02180       12.04924       13.07504       14.09928       15.12714
          81.00      0.0477719
        0.00000        2.56193        4.30360        4.82218        5.34035
        5.85813        6.89288        7.92602        8.95753        9.98745
       11.01580       12.04255       13.06768       14.09124       15.11843
          81.50      0.0474302
        0.00000        2.56108        4.30201        4.82026        5.33809
        5.85553        6.88961        7.92208        8.95292        9.98217
       11.00985       12.03593       13.06040       14.08329       15.10979
          82.00      0.0470884
        0.00000        2.56023        4.30043        4.81834        5.33584
        5.85295        6.88636        7.91817        8.94834        9.97693
       11.00395       12.02937       13.05317       14.07540       15.10124
          82.50      0.0467377
        0.00000        2.55936        4.29882        4.81639        5.33355
        5.85033        6.88306        7.91419        8.94369        9.97161
       10.99795       12.02270       13.04583       14.06738       15.09255
          83.00      0.0463960
        0.00000        2.55853        4.29727        4.81451        5.33135
        5.84780        6.87988        7.91036        8.93921        9.96648
       10.99217       12.01627       13.03874       14.05965       15.08416
          83.50      0.0460542
        0.00000        2.55770        4.29573        4.81265        5.32916
        5.84529        6.87673        7.90656        8.93476        9.96138
       10.98643       12.00989       13.03172       14.05199       15.07584
          84.00      0.0457035
        0.00000        2.55686        4.29416        4.81076        5.32694
        5.84274        6.87352        7.90269        8.93024        9.95621
       10.98060       12.00340       13.02458       14.04419       15.06738
          84.50      0.0453528
        0.00000        2.55602        4.29261        4.80888        5.32474
        5.84021        6.87034        7.89887        8.92577        9.95108
       10.97482       11.99698       13.01751       14.03647       15.05902
          85.00      0.0449930
        0.00000        2.55518        4.29103        4.80697        5.32250
        5.83764        6.86711        7.89498        8.92122        9.94588
       10.96896       11.99045       13.01033       14.02863       15.05052
          85.50      0.0446513
        0.00000        2.55438        4.28955        4.80517        5.32039
        5.83522        6.86407        7.89132        8.91694        9.94098
       10.96344       11.98432       13.00357       14.02126       15.04252
          86.00      0.0443006
        0.00000        2.55357        4.28803        4.80335        5.31825
        5.83276        6.86098        7.88760        8.91259        9.93600
       10.95783       11.97808       12.99670       14.01376       15.03439
          86.50      0.0439318
        0.00000        2.55272        4.28646        4.80144        5.31602
        5.83021        6.85777        7.88373        8.90806        9.93081
       10.95199       11.97158       12.98956       14.00596       15.02593
          87.00      0.0435721
        0.00000        2.55190        4.28494        4.79961        5.31386
        5.82774        6.85466        7.87999        8.90369        9.92581
       10.94636       11.96531       12.98265       13.99843       15.01776
          87.50      0.0432214
        0.00000        2.55111        4.28347        4.79783        5.31178
        5.82535        6.85166        7.87638        8.89947        9.92097
       10.94091       11.95926       12.97599       13.99116       15.00988
          88.00      0.0428706
        0.00000        2.55033        4.28201        4.79607        5.30971
        5.82298        6.84869        7.87280        8.89528        9.91619
       10.93552       11.95327       12.96939       13.98396       15.00207
          88.50      0.0425109
        0.00000        2.54953        4.28053        4.79428        5.30762
        5.82058        6.84568        7.86917        8.89104        9.91133
       10.93005       11.94718       12.96270       13.97664       14.99414
          89.00      0.0421422
        0.00000        2.54872        4.27903        4.79247        5.30550
        5.81814        6.84261        7.86549        8.88673        9.90640
       10.92450       11.94101       12.95590       13.96923       14.98610
          89.50      0.0417735
        0.00000        2.54792        4.27754        4.79067        5.30339
        5.81573        6.83958        7.86184        8.88247        9.90153
       10.91901       11.93490       12.94918       13.96189       14.97815
          90.00      0.0416296
        0.00000        2.54761        4.27697        4.78998        5.30258
        5.81479        6.83841        7.86043        8.88082        9.89964
       10.91688       11.93254       12.94658       13.95905       14.97507
          90.50      0.0416026
        0.00000        2.54756        4.27686        4.78985        5.30243
        5.81462        6.83819        7.86017        8.88051        9.89928
       10.91648       11.93210       12.94609       13.95852       14.97449
          91.00      0.0415666
        0.00000        2.54748        4.27672        4.78967        5.30222
        5.81439        6.83790        7.85982        8.88010        9.89882
       10.91595       11.93151       12.94544       13.95781       14.97372
          91.50      0.0415217
        0.00000        2.54738        4.27654        4.78946        5.30197
        5.81410        6.83753        7.85937        8.87959        9.89822
       10.91529       11.93077       12.94463       13.95693       14.97276
          92.00      0.0414497
        0.00000        2.54723        4.27625        4.78911        5.30157
        5.81363        6.83695        7.85868        8.87877        9.89729
       10.91424       11.92960       12.94334       13.95552       14.97123
         180.00      0.0000000
        0.00000        2.50411        4.19641        4.69309        5.18937
        5.68526        6.67625        7.66566        8.65346        9.63970
       10.62439       11.60752       12.58905       13.56904       14.55231
