     2   146
          0.000          4.300
          20.00      0.1091956
        0.00000        0.79275
          20.50      0.1088448
        0.00000        0.79241
          21.00      0.0964792
        0.00000        0.78133
          21.50      0.0951032
        0.00000        0.78021
          22.00      0.0937272
        0.00000        0.77912
          22.50      0.0923513
        0.00000        0.77805
          23.00      0.0909933
        0.00000        0.77702
          23.50      0.0826116
        0.00000        0.77107
          24.00      0.0824587
        0.00000        0.77097
          24.50      0.0822789
        0.00000        0.77085
          25.00      0.0820810
        0.00000        0.77072
          25.50      0.0818292
        0.00000        0.77055
          26.00      0.0815774
        0.00000        0.77039
          26.50      0.0813256
        0.00000        0.77023
          27.00      0.0810288
        0.00000        0.77003
          27.50      0.0807141
        0.00000        0.76982
          28.00      0.0803633
        0.00000        0.76960
          28.50      0.0799856
        0.00000        0.76936
          29.00      0.0795989
        0.00000        0.76911
          29.50      0.0793831
        0.00000        0.76897
          30.00      0.0793021
        0.00000        0.76892
          30.50      0.0792212
        0.00000        0.76887
          31.00      0.0791043
        0.00000        0.76880
          31.50      0.0789514
        0.00000        0.76870
          32.00      0.0787625
        0.00000        0.76859
          32.50      0.0785647
        0.00000        0.76846
          33.00      0.0783668
        0.00000        0.76834
          33.50      0.0781420
        0.00000        0.76820
          34.00      0.0778992
        0.00000        0.76805
          34.50      0.0776564
        0.00000        0.76790
          35.00      0.0773956
        0.00000        0.76774
          35.50      0.0771258
        0.00000        0.76757
          36.00      0.0768560
        0.00000        0.76741
          36.50      0.0765952
        0.00000        0.76725
          37.00      0.0763434
        0.00000        0.76710
          37.50      0.0760826
        0.00000        0.76694
          38.00      0.0757948
        0.00000        0.76677
          38.50      0.0755070
        0.00000        0.76660
          39.00      0.0752012
        0.00000        0.76642
          39.50      0.0748955
        0.00000        0.76624
          40.00      0.0745807
        0.00000        0.76606
          40.50      0.0742569
        0.00000        0.76587
          41.00      0.0740051
        0.00000        0.76572
          41.50      0.0737083
        0.00000        0.76555
          42.00      0.0733936
        0.00000        0.76536
          42.50      0.0730788
        0.00000        0.76519
          43.00      0.0727461
        0.00000        0.76500
          43.50      0.0724223
        0.00000        0.76481
          44.00      0.0720806
        0.00000        0.76462
          44.50      0.0717568
        0.00000        0.76444
          45.00      0.0714780
        0.00000        0.76428
          45.50      0.0711633
        0.00000        0.76411
          46.00      0.0708395
        0.00000        0.76393
          46.50      0.0705068
        0.00000        0.76375
          47.00      0.0701650
        0.00000        0.76356
          47.50      0.0698233
        0.00000        0.76338
          48.00      0.0694905
        0.00000        0.76320
          48.50      0.0691938
        0.00000        0.76304
          49.00      0.0688790
        0.00000        0.76287
          49.50      0.0685552
        0.00000        0.76270
          50.00      0.0682135
        0.00000        0.76252
          50.50      0.0678718
        0.00000        0.76234
          51.00      0.0675210
        0.00000        0.76216
          51.50      0.0672242
        0.00000        0.76200
          52.00      0.0669095
        0.00000        0.76184
          52.50      0.0665857
        0.00000        0.76168
          53.00      0.0662440
        0.00000        0.76150
          53.50      0.0659022
        0.00000        0.76133
          54.00      0.0655785
        0.00000        0.76116
          54.50      0.0652547
        0.00000        0.76100
          55.00      0.0649310
        0.00000        0.76084
          55.50      0.0646072
        0.00000        0.76069
          56.00      0.0642745
        0.00000        0.76052
          56.50      0.0639327
        0.00000        0.76035
          57.00      0.0635910
        0.00000        0.76019
          57.50      0.0632672
        0.00000        0.76003
          58.00      0.0629525
        0.00000        0.75988
          58.50      0.0626377
        0.00000        0.75974
          59.00      0.0623050
        0.00000        0.75957
          59.50      0.0619632
        0.00000        0.75940
          60.00      0.0616395
        0.00000        0.75926
          60.50      0.0613157
        0.00000        0.75911
          61.00      0.0609920
        0.00000        0.75896
          61.50      0.0606682
        0.00000        0.75881
          62.00      0.0603444
        0.00000        0.75867
          62.50      0.0604344
        0.00000        0.75871
          63.00      0.0596700
        0.00000        0.75835
          63.50      0.0593462
        0.00000        0.75821
          64.00      0.0590314
        0.00000        0.75808
          64.50      0.0587077
        0.00000        0.75792
          65.00      0.0583749
        0.00000        0.75778
          65.50      0.0580422
        0.00000        0.75763
          66.00      0.0577004
        0.00000        0.75748
          66.50      0.0573857
        0.00000        0.75735
          67.00      0.0570709
        0.00000        0.75722
          67.50      0.0567472
        0.00000        0.75707
          68.00      0.0564144
        0.00000        0.75694
          68.50      0.0560817
        0.00000        0.75680
          69.00      0.0557579
        0.00000        0.75666
          69.50      0.0554341
        0.00000        0.75652
          70.00      0.0551104
        0.00000        0.75639
          70.50      0.0547776
        0.00000        0.75626
          71.00      0.0544449
        0.00000        0.75613
          71.50      0.0541032
        0.00000        0.75599
          72.00      0.0537884
        0.00000        0.75586
          72.50      0.0534646
        0.00000        0.75573
          73.00      0.0531319
        0.00000        0.75559
          73.50      0.0527991
        0.00000        0.75546
          74.00      0.0524664
        0.00000        0.75533
          74.50      0.0521336
        0.00000        0.75520
          75.00      0.0518099
        0.00000        0.75508
          75.50      0.0514771
        0.00000        0.75495
          76.00      0.0511444
        0.00000        0.75483
          76.50      0.0508026
        0.00000        0.75471
          77.00      0.0504699
        0.00000        0.75457
          77.50      0.0501461
        0.00000        0.75445
          78.00      0.0498044
        0.00000        0.75432
          78.50      0.0494716
        0.00000        0.75420
          79.00      0.0491299
        0.00000        0.75408
          79.50      0.0487972
        0.00000        0.75396
          80.00      0.0484554
        0.00000        0.75384
          80.50      0.0481137
        0.00000        0.75372
          81.00      0.0477719
        0.00000        0.75359
          81.50      0.0474302
        0.00000        0.75347
          82.00      0.0470884
        0.00000        0.75336
          82.50      0.0467377
        0.00000        0.75323
          83.00      0.0463960
        0.00000        0.75312
          83.50      0.0460542
        0.00000        0.75301
          84.00      0.0457035
        0.00000        0.75289
          84.50      0.0453528
        0.00000        0.75278
          85.00      0.0449930
        0.00000        0.75265
          85.50      0.0446513
        0.00000        0.75254
          86.00      0.0443006
        0.00000        0.75242
          86.50      0.0439318
        0.00000        0.75230
          87.00      0.0435721
        0.00000        0.75219
          87.50      0.0432214
        0.00000        0.75208
          88.00      0.0428706
        0.00000        0.75197
          88.50      0.0425109
        0.00000        0.75186
          89.00      0.0421422
        0.00000        0.75174
          89.50      0.0417735
        0.00000        0.75163
          90.00      0.0416296
        0.00000        0.75159
          90.50      0.0416026
        0.00000        0.75158
          91.00      0.0415666
        0.00000        0.75156
          91.50      0.0415217
        0.00000        0.75156
          92.00      0.0414497
        0.00000        0.75153
         180.00      0.0000000
        0.00000        0.74537
